[0.009s] Invoking command in '/home/nn/Desktop/KridtBot/build/KridtBot': DEBUGINFOD_URLS=https://debuginfod.ubuntu.com /usr/bin/cmake /home/nn/Desktop/KridtBot -DCATKIN_INSTALL_INTO_PREFIX_ROOT=0 -DCMAKE_INSTALL_PREFIX=/home/nn/Desktop/KridtBot/install/KridtBot
[0.016s] [0mCMake Deprecation Warning at CMakeLists.txt:1 (cmake_minimum_required):
[0.016s]   Compatibility with CMake < 3.5 will be removed from a future version of
[0.016s]   CMake.
[0.016s] 
[0.016s]   Update the VERSION argument <min> value or use a ...<max> suffix to tell
[0.017s]   CMake that the project does not need compatibility with older versions.
[0.017s] 
[0.017s] [0m
[0.076s] -- The C compiler identification is GNU 13.2.0
[0.145s] -- The CXX compiler identification is GNU 13.2.0
[0.164s] -- Detecting C compiler ABI info
[0.259s] -- Detecting C compiler ABI info - done
[0.271s] -- Check for working C compiler: /usr/bin/cc - skipped
[0.272s] -- Detecting C compile features
[0.272s] -- Detecting C compile features - done
[0.283s] -- Detecting CXX compiler ABI info
[0.387s] -- Detecting CXX compiler ABI info - done
[0.399s] -- Check for working CXX compiler: /usr/bin/c++ - skipped
[0.400s] -- Detecting CXX compile features
[0.400s] -- Detecting CXX compile features - done
[0.410s] [31mCMake Error at CMakeLists.txt:5 (find_package):
[0.410s]   By not providing "Findcatkin.cmake" in CMAKE_MODULE_PATH this project has
[0.410s]   asked CMake to find a package configuration file provided by "catkin", but
[0.410s]   CMake did not find one.
[0.410s] 
[0.410s]   Could not find a package configuration file provided by "catkin" with any
[0.410s]   of the following names:
[0.410s] 
[0.411s]     catkinConfig.cmake
[0.411s]     catkin-config.cmake
[0.411s] 
[0.411s]   Add the installation prefix of "catkin" to CMAKE_PREFIX_PATH or set
[0.411s]   "catkin_DIR" to a directory containing one of the above files.  If "catkin"
[0.411s]   provides a separate development package or SDK, be sure it has been
[0.411s]   installed.
[0.411s] 
[0.411s] [0m
[0.411s] -- Configuring incomplete, errors occurred!
[0.414s] Invoked command in '/home/nn/Desktop/KridtBot/build/KridtBot' returned '1': DEBUGINFOD_URLS=https://debuginfod.ubuntu.com /usr/bin/cmake /home/nn/Desktop/KridtBot -DCATKIN_INSTALL_INTO_PREFIX_ROOT=0 -DCMAKE_INSTALL_PREFIX=/home/nn/Desktop/KridtBot/install/KridtBot
