[0.009s] Invoking command in '/home/christian/dev_ws/src/kridt-bot/build/kridtbot': CMAKE_PREFIX_PATH=${CMAKE_PREFIX_PATH}:/opt/ros/jazzy DEBUGINFOD_URLS=https://debuginfod.ubuntu.com /usr/bin/cmake /home/christian/dev_ws/src/kridt-bot/kridtbot -DCMAKE_INSTALL_PREFIX=/home/christian/dev_ws/src/kridt-bot/install/kridtbot
[0.098s] -- The C compiler identification is GNU 13.3.0
[0.173s] -- The CXX compiler identification is GNU 13.3.0
[0.196s] -- Detecting C compiler ABI info
[0.281s] -- Detecting C compiler ABI info - done
[0.286s] -- Check for working C compiler: /usr/bin/cc - skipped
[0.287s] -- Detecting C compile features
[0.287s] -- Detecting C compile features - done
[0.296s] -- Detecting CXX compiler ABI info
[0.389s] -- Detecting CXX compiler ABI info - done
[0.395s] -- Check for working CXX compiler: /usr/bin/c++ - skipped
[0.395s] -- Detecting CXX compile features
[0.395s] -- Detecting CXX compile features - done
[0.403s] -- Found ament_cmake: 2.5.3 (/opt/ros/jazzy/share/ament_cmake/cmake)
[0.520s] -- Found Python3: /usr/bin/python3 (found version "3.12.3") found components: Interpreter 
[0.618s] -- Found ament_lint_auto: 0.17.1 (/opt/ros/jazzy/share/ament_lint_auto/cmake)
[0.705s] -- Added test 'copyright' to check source files copyright and LICENSE
[0.708s] -- Added test 'flake8' to check Python code syntax and style conventions
[0.708s] -- Configured 'flake8' exclude dirs and/or files: 
[0.709s] -- Added test 'lint_cmake' to check CMake code style
[0.709s] -- Added test 'pep257' to check Python code against some of the docstring style conventions in PEP 257
[0.711s] -- Added test 'xmllint' to check XML markup files
[0.712s] -- Configuring done (0.7s)
[0.716s] -- Generating done (0.0s)
[0.718s] -- Build files have been written to: /home/christian/dev_ws/src/kridt-bot/build/kridtbot
[0.725s] Invoked command in '/home/christian/dev_ws/src/kridt-bot/build/kridtbot' returned '0': CMAKE_PREFIX_PATH=${CMAKE_PREFIX_PATH}:/opt/ros/jazzy DEBUGINFOD_URLS=https://debuginfod.ubuntu.com /usr/bin/cmake /home/christian/dev_ws/src/kridt-bot/kridtbot -DCMAKE_INSTALL_PREFIX=/home/christian/dev_ws/src/kridt-bot/install/kridtbot
[0.726s] Invoking command in '/home/christian/dev_ws/src/kridt-bot/build/kridtbot': CMAKE_PREFIX_PATH=${CMAKE_PREFIX_PATH}:/opt/ros/jazzy DEBUGINFOD_URLS=https://debuginfod.ubuntu.com /usr/bin/cmake --build /home/christian/dev_ws/src/kridt-bot/build/kridtbot -- -j12 -l12
[0.763s] Invoked command in '/home/christian/dev_ws/src/kridt-bot/build/kridtbot' returned '0': CMAKE_PREFIX_PATH=${CMAKE_PREFIX_PATH}:/opt/ros/jazzy DEBUGINFOD_URLS=https://debuginfod.ubuntu.com /usr/bin/cmake --build /home/christian/dev_ws/src/kridt-bot/build/kridtbot -- -j12 -l12
[0.772s] Invoking command in '/home/christian/dev_ws/src/kridt-bot/build/kridtbot': CMAKE_PREFIX_PATH=${CMAKE_PREFIX_PATH}:/opt/ros/jazzy DEBUGINFOD_URLS=https://debuginfod.ubuntu.com /usr/bin/cmake --install /home/christian/dev_ws/src/kridt-bot/build/kridtbot
[0.780s] -- Install configuration: ""
[0.780s] -- Installing: /home/christian/dev_ws/src/kridt-bot/install/kridtbot/share/kridtbot/config
[0.780s] -- Installing: /home/christian/dev_ws/src/kridt-bot/install/kridtbot/share/kridtbot/config/empty.yaml
[0.780s] -- Installing: /home/christian/dev_ws/src/kridt-bot/install/kridtbot/share/kridtbot/config/gz_bridge.yaml
[0.780s] -- Installing: /home/christian/dev_ws/src/kridt-bot/install/kridtbot/share/kridtbot/description
[0.780s] -- Installing: /home/christian/dev_ws/src/kridt-bot/install/kridtbot/share/kridtbot/description/robot_core.xacro
[0.780s] -- Installing: /home/christian/dev_ws/src/kridt-bot/install/kridtbot/share/kridtbot/description/gazebo_control.xacro
[0.781s] -- Installing: /home/christian/dev_ws/src/kridt-bot/install/kridtbot/share/kridtbot/description/robot.urdf.xacro
[0.781s] -- Installing: /home/christian/dev_ws/src/kridt-bot/install/kridtbot/share/kridtbot/launch
[0.781s] -- Installing: /home/christian/dev_ws/src/kridt-bot/install/kridtbot/share/kridtbot/launch/rsp.launch.py
[0.781s] -- Installing: /home/christian/dev_ws/src/kridt-bot/install/kridtbot/share/kridtbot/launch/launch_sim.launch.py
[0.781s] -- Installing: /home/christian/dev_ws/src/kridt-bot/install/kridtbot/share/kridtbot/worlds
[0.781s] -- Installing: /home/christian/dev_ws/src/kridt-bot/install/kridtbot/share/kridtbot/worlds/empty.world
[0.781s] -- Installing: /home/christian/dev_ws/src/kridt-bot/install/kridtbot/share/kridtbot/meshes
[0.781s] -- Installing: /home/christian/dev_ws/src/kridt-bot/install/kridtbot/share/kridtbot/meshes/right_front_lin_link.STL
[0.783s] -- Installing: /home/christian/dev_ws/src/kridt-bot/install/kridtbot/share/kridtbot/meshes/left_rear_lin_link.STL
[0.783s] -- Installing: /home/christian/dev_ws/src/kridt-bot/install/kridtbot/share/kridtbot/meshes/base_link.STL
[0.785s] -- Installing: /home/christian/dev_ws/src/kridt-bot/install/kridtbot/share/kridtbot/meshes/left_front_rev_link.STL
[0.785s] -- Installing: /home/christian/dev_ws/src/kridt-bot/install/kridtbot/share/kridtbot/meshes/right_front_rev_link.STL
[0.785s] -- Installing: /home/christian/dev_ws/src/kridt-bot/install/kridtbot/share/kridtbot/meshes/front_left_lin_link.STL
[0.787s] -- Installing: /home/christian/dev_ws/src/kridt-bot/install/kridtbot/share/kridtbot/meshes/left_diff_link.STL
[0.788s] -- Installing: /home/christian/dev_ws/src/kridt-bot/install/kridtbot/share/kridtbot/meshes/diff_link.STL
[0.788s] -- Installing: /home/christian/dev_ws/src/kridt-bot/install/kridtbot/share/kridtbot/meshes/left_rear_rev_link.STL
[0.788s] -- Installing: /home/christian/dev_ws/src/kridt-bot/install/kridtbot/share/kridtbot/meshes/rigth_diff_link.STL
[0.789s] -- Installing: /home/christian/dev_ws/src/kridt-bot/install/kridtbot/share/kridtbot/meshes/right_rear_rev_link.STL
[0.790s] -- Installing: /home/christian/dev_ws/src/kridt-bot/install/kridtbot/share/kridtbot/meshes/right_rear_lin_link.STL
[0.791s] -- Installing: /home/christian/dev_ws/src/kridt-bot/install/kridtbot/share/ament_index/resource_index/package_run_dependencies/kridtbot
[0.791s] -- Installing: /home/christian/dev_ws/src/kridt-bot/install/kridtbot/share/ament_index/resource_index/parent_prefix_path/kridtbot
[0.791s] -- Installing: /home/christian/dev_ws/src/kridt-bot/install/kridtbot/share/kridtbot/environment/ament_prefix_path.sh
[0.791s] -- Installing: /home/christian/dev_ws/src/kridt-bot/install/kridtbot/share/kridtbot/environment/ament_prefix_path.dsv
[0.791s] -- Installing: /home/christian/dev_ws/src/kridt-bot/install/kridtbot/share/kridtbot/environment/path.sh
[0.791s] -- Installing: /home/christian/dev_ws/src/kridt-bot/install/kridtbot/share/kridtbot/environment/path.dsv
[0.791s] -- Installing: /home/christian/dev_ws/src/kridt-bot/install/kridtbot/share/kridtbot/local_setup.bash
[0.791s] -- Installing: /home/christian/dev_ws/src/kridt-bot/install/kridtbot/share/kridtbot/local_setup.sh
[0.792s] -- Installing: /home/christian/dev_ws/src/kridt-bot/install/kridtbot/share/kridtbot/local_setup.zsh
[0.792s] -- Installing: /home/christian/dev_ws/src/kridt-bot/install/kridtbot/share/kridtbot/local_setup.dsv
[0.792s] -- Installing: /home/christian/dev_ws/src/kridt-bot/install/kridtbot/share/kridtbot/package.dsv
[0.792s] -- Installing: /home/christian/dev_ws/src/kridt-bot/install/kridtbot/share/ament_index/resource_index/packages/kridtbot
[0.792s] -- Installing: /home/christian/dev_ws/src/kridt-bot/install/kridtbot/share/kridtbot/cmake/kridtbotConfig.cmake
[0.792s] -- Installing: /home/christian/dev_ws/src/kridt-bot/install/kridtbot/share/kridtbot/cmake/kridtbotConfig-version.cmake
[0.792s] -- Installing: /home/christian/dev_ws/src/kridt-bot/install/kridtbot/share/kridtbot/package.xml
[0.795s] Invoked command in '/home/christian/dev_ws/src/kridt-bot/build/kridtbot' returned '0': CMAKE_PREFIX_PATH=${CMAKE_PREFIX_PATH}:/opt/ros/jazzy DEBUGINFOD_URLS=https://debuginfod.ubuntu.com /usr/bin/cmake --install /home/christian/dev_ws/src/kridt-bot/build/kridtbot
